337
48
48
48
6
6
6
6
6
6
6
6
6
6
6
6
47
48
48
48
52
52
48
6
42
48
48
6
6
48
52
337
48
48
47
6
47
47
6
42
42
42
47
47
6
47
47
48
47
47
48
52
52
337
337
48
6
52
337
337
337
6
47
47
47
47
47
42
47
47
108
110
47
48
110
122
52
52
48
337
52
110
52
52
337
52
337
337
52
122
108
110
47
52
122
52
122
122
104
122
207
104
122
104
110
110
104
108
110
110
108
110
110
110
52
52
122
104
134
110
104
122
52
122
122
122
122
104
134
110
104
108
104
134
104
52
104
122
122
122
122
122
207
104
122
122
122
122
207
122
207
122
207
122
104
104
104
104
104
104
104
104
122
104
122
122
122
104
122
122
122
122
207
122
122
122
122
122
122
104
104
104
122
122
122
122
104
207
207
122
104
104
207
207
122
122
104
104
122
122
122
122
122
122
122
207
207
122
207
122
122
122
122
104
104
122
104
104
122
122
122
122
122
122
122
122
207
122
207
207
122
122
122
104
207
122
122
122
207
122
122
122
207
122
122
122
207
207
122
122
122
122
104
104
52
52
207
207
52
52
122
122
122
122
52
52
207
122
122
122
122
122
104
104
110
122
122
52
52
52
52
122
52
122
122
52
52
52
52
52
52
52
52
52
52
52
52
52
47
47
48
337
52
52
47
47
47
48
48
48
48
337
337
337
52
52
337
337
337
337
337
337
52
52
337
52
52
48
337
48
48
6
6
6
48
6
337
337
6
6
6
6
6
6
6
48
6
48
48
337
48
337
337
337
6
337
6
6
6
6
6
6
6
6
6
